=== OMICS ANALYSIS LOG ===
Analysis ID: MasterTest_0639268e-21a0-4b78-a9c4-d77d12d70fd5 
Start Time: 2025-08-25 16:33:10.803683 
R Version: R version 4.4.3 (2025-02-28 ucrt) 
===========================

[2025-08-25 16:33:10] [INFO] === PARSING COMMAND LINE ARGUMENTS ===
[2025-08-25 16:33:10] [INFO] Number of arguments: 1
[2025-08-25 16:33:10] [INFO] First argument: C:\Users\caros\AppData\Local\Temp\tmpy2qechtt.json
[2025-08-25 16:33:10] [INFO] Successfully parsed JSON configuration
[2025-08-25 16:33:10] [INFO] === CONFIGURATION EXTRACTED ===
[2025-08-25 16:33:10] [INFO] Input file: C:\Users\caros\Documents\test_angular_r_api\data-analysis-dashboard\user_sessions\MasterTest_0639268e-21a0-4b78-a9c4-d77d12d70fd5\analysis_processed_my_dataset.csv
[2025-08-25 16:33:10] [INFO] Output directory: C:\Users\caros\Documents\test_angular_r_api\data-analysis-dashboard\user_sessions\MasterTest_0639268e-21a0-4b78-a9c4-d77d12d70fd5
[2025-08-25 16:33:10] [INFO] Analysis ID: MasterTest_0639268e-21a0-4b78-a9c4-d77d12d70fd5
[2025-08-25 16:33:10] [INFO] Log file initialized: C:\Users\caros\Documents\test_angular_r_api\data-analysis-dashboard\user_sessions\MasterTest_0639268e-21a0-4b78-a9c4-d77d12d70fd5/analysis_MasterTest_0639268e-21a0-4b78-a9c4-d77d12d70fd5_20250825_163310.log
[2025-08-25 16:33:10] [INFO] Input file validation: PASSED
[2025-08-25 16:33:10] [INFO] Output directory validation: PASSED
[2025-08-25 16:33:10] [INFO] === STARTING ANALYSIS EXECUTION ===
[2025-08-25 16:33:11] [DEBUG] ENTERING function: main_analysis - Analysis ID: MasterTest_0639268e-21a0-4b78-a9c4-d77d12d70fd5
[2025-08-25 16:33:11] [INFO] === STARTING MAIN ANALYSIS ===
[2025-08-25 16:33:11] [INFO] Input file: C:\Users\caros\Documents\test_angular_r_api\data-analysis-dashboard\user_sessions\MasterTest_0639268e-21a0-4b78-a9c4-d77d12d70fd5\analysis_processed_my_dataset.csv
[2025-08-25 16:33:11] [INFO] Analysis ID: MasterTest_0639268e-21a0-4b78-a9c4-d77d12d70fd5
[2025-08-25 16:33:11] [INFO] Reading input data file...
[2025-08-25 16:33:11] [INFO] File extension: csv
[2025-08-25 16:33:11] [INFO] Data loaded using read_csv
[2025-08-25 16:33:11] [INFO] Data info for input_dataset :
[2025-08-25 16:33:11] [INFO]   Dimensions: 654 rows x 10 columns
[2025-08-25 16:33:11] [INFO]   Column names: ID, gsslope, age, CTSF, MATN2, MFGE8, ACAN, ITGB1, DKK3, SPINT2 
[2025-08-25 16:33:11] [WARN]   Missing values: Total = 295
[2025-08-25 16:33:11] [INFO] Processing column classifications...
[2025-08-25 16:33:11] [INFO] ID column: ID
[2025-08-25 16:33:11] [INFO] Outcome column: gsslope
[2025-08-25 16:33:11] [INFO] Covariate columns: 1
[2025-08-25 16:33:11] [INFO] Omics columns: 7
[2025-08-25 16:33:11] [INFO] Selected statistical tests: student-t, welch-t, anova
[2025-08-25 16:33:11] [INFO] Grouping method: tertiles
[2025-08-25 16:33:11] [INFO] Creating tertile groups...
[2025-08-25 16:33:11] [INFO] Tertiles: -3.872, -2.154, -1.605, 0.051
[2025-08-25 16:33:11] [INFO] Group counts: 1t = 205, 2t = 204, 3t = 205, NA = 40
[2025-08-25 16:33:11] [INFO] === STARTING STATISTICAL TESTS ===
[2025-08-25 16:33:11] [INFO] Running Student's t-test...
[2025-08-25 16:33:11] [DEBUG] ENTERING function: do_student_t_test - Variables: 7
[2025-08-25 16:33:11] [INFO] Running Student's t-test on 7 variables
[2025-08-25 16:33:11] [INFO] Groups: 1t, 3t
[2025-08-25 16:33:11] [INFO] Student's t-test completed: 7 tests performed
[2025-08-25 16:33:11] [INFO] Significant results (p < 0.05): 2
[2025-08-25 16:33:11] [INFO] FDR significant results (FDR < 0.05): 0
[2025-08-25 16:33:11] [DEBUG] EXITING function: do_student_t_test 
[2025-08-25 16:33:11] [INFO] Running Welch's t-test...
[2025-08-25 16:33:11] [DEBUG] ENTERING function: do_welch_t_test - Variables: 7
[2025-08-25 16:33:11] [INFO] Running Welch's t-test on 7 variables
[2025-08-25 16:33:11] [INFO] Groups: 1t, 3t
[2025-08-25 16:33:11] [INFO] Welch's t-test completed: 7 tests performed
[2025-08-25 16:33:11] [INFO] Significant results (p < 0.05): 2
[2025-08-25 16:33:11] [INFO] FDR significant results (FDR < 0.05): 0
[2025-08-25 16:33:11] [DEBUG] EXITING function: do_welch_t_test 
[2025-08-25 16:33:11] [INFO] Running ANOVA test (tertiles)...
[2025-08-25 16:33:11] [DEBUG] ENTERING function: do_anova_test - Variables: 7
[2025-08-25 16:33:11] [INFO] Running ANOVA tests on 7 variables
[2025-08-25 16:33:11] [INFO] Including Games-Howell post-hoc tests
[2025-08-25 16:33:12] [INFO] ANOVA tests completed: 7 tests performed
[2025-08-25 16:33:12] [INFO] Significant results (p < 0.05): 2
[2025-08-25 16:33:12] [INFO] FDR significant results (FDR < 0.05): 0
[2025-08-25 16:33:12] [INFO] Post-hoc comparisons: 21
[2025-08-25 16:33:12] [DEBUG] EXITING function: do_anova_test 
[2025-08-25 16:33:12] [INFO] Running linear regression analysis...
[2025-08-25 16:33:12] [DEBUG] ENTERING function: do_lr - Variables: 7
[2025-08-25 16:33:12] [INFO] Running linear regression on 7 variables
[2025-08-25 16:33:12] [INFO] Outcome variable: gsslope
[2025-08-25 16:33:12] [INFO] Covariates: age
[2025-08-25 16:33:12] [INFO] Remove influential observations: FALSE
[2025-08-25 16:33:12] [INFO] Linear regression completed: 7 models fitted
[2025-08-25 16:33:12] [INFO] Significant coefficients (p < 0.05): 1
[2025-08-25 16:33:12] [DEBUG] EXITING function: do_lr 
[2025-08-25 16:33:12] [INFO] === STARTING MULTIVARIATE ANALYSIS ===
[2025-08-25 16:33:12] [INFO] === MULTIVARIATE ANALYSIS CONFIGURATION ===
[2025-08-25 16:33:12] [INFO] Ridge enabled: FALSE
[2025-08-25 16:33:12] [INFO] Lasso enabled: TRUE
[2025-08-25 16:33:12] [INFO] ElasticNet enabled: FALSE
[2025-08-25 16:33:12] [INFO] RandomForest enabled: FALSE
[2025-08-25 16:33:12] [INFO] Boruta enabled: FALSE
[2025-08-25 16:33:12] [INFO] RFE enabled: FALSE
[2025-08-25 16:33:12] [INFO] === END MULTIVARIATE CONFIGURATION ===
[2025-08-25 16:33:12] [WARN] Missing values detected - some multivariate methods may be skipped
[2025-08-25 16:33:12] [WARN] Skipping Lasso regression due to missing values
[2025-08-25 16:33:12] [INFO] === RFE EXECUTION CHECK ===
[2025-08-25 16:33:12] [INFO] RFE enabled status: FALSE
[2025-08-25 16:33:12] [INFO] Dataset has missing values: TRUE
[2025-08-25 16:33:12] [INFO] Number of missing values in dataset: 335
[2025-08-25 16:33:12] [INFO] Missing values by column: gsslope = 40, age = 6, CTSF = 39, MATN2 = 31, MFGE8 = 29, ACAN = 27, ITGB1 = 35, DKK3 = 26, SPINT2 = 62, group = 40
[2025-08-25 16:33:12] [INFO] === END RFE EXECUTION CHECK ===
[2025-08-25 16:33:12] [INFO] === CREATING SUMMARY RESULTS ===
[2025-08-25 16:33:12] [DEBUG] ENTERING function: create_summary_results 
[2025-08-25 16:33:12] [INFO] Added 2 significant results from student-t
[2025-08-25 16:33:12] [INFO] Added 2 significant results from welch-t
[2025-08-25 16:33:12] [INFO] Added 2 significant results from anova
[2025-08-25 16:33:12] [ERROR] Analysis failed with error: In argument: `!is.na(pValue) & pValue < 0.05`.
[2025-08-25 16:33:12] [INFO] === GENERATING OUTPUT ===
[2025-08-25 16:33:12] [ERROR] final_result is NULL - creating error result
[2025-08-25 16:33:12] [INFO] JSON output size: 233 characters
[2025-08-25 16:33:12] [WARN] Analysis had errors - outputting error information
[2025-08-25 16:33:12] [INFO] === ANALYSIS SCRIPT FINISHED ===
